<?xml version="1.0" encoding="UTF-8"?>
<!-- Generated by org.testng.reporters.JUnitReportReporter -->
<testsuite hostname="XPXAAD-PF403LYG" failures="0" tests="1" name="com.bezkoder.springjwt.SpringBootSecurityJwtApplicationTests" time="0.005" errors="0" timestamp="2023-01-21T21:20:13 EST" skipped="0">
  <testcase classname="com.bezkoder.springjwt.SpringBootSecurityJwtApplicationTests" name="contextLoads" time="0.005"/>
  <system-out/>
</testsuite> <!-- com.bezkoder.springjwt.SpringBootSecurityJwtApplicationTests -->
